[2022-05-04 19:18:27] [info] Start Program:
Path:"C:\Users\Denis\Desktop\Lab10\x64\Debug\Lab10.exe"
Arguments:
Working directory: "C:\Users\Denis\Desktop\Lab10\Lab10\"
Modules: Selected: C:\Users\Denis\Desktop\Lab10\x64\Debug\Lab10.exe Excluded: 
Sources: Selected: C:\Users\Denis\Desktop\Lab10\Lab10 Excluded: GUI AdminService 
Log Level: Normal
Cover Children: 0
Aggregate by file: 1
Continue after C++ exception: 0
Optimized build support: 0
Export: Binary C:\Users\Denis\AppData\Local\Temp\qjm0dcpv.bqd 
Input coverage: 
Unified diff: 
Excluded line regular expressions: 
Substitute pdb source paths: 

[2022-05-04 19:18:27] [info] Module: C:\Users\Denis\Desktop\Lab10\x64\Debug\Lab10.exe is selected because it matches selected pattern: C:\Users\Denis\Desktop\Lab10\x64\Debug\Lab10.exe
[2022-05-04 19:18:28] [info] ----------------------------------------------------
[2022-05-04 19:18:28] [info] Coverage binary generated in file: C:\Users\Denis\AppData\Local\Temp\qjm0dcpv.bqd
[2022-05-04 19:18:28] [info] ----------------------------------------------------
[2022-05-04 19:18:28] [error] Your program stop with error code: -1073741515
