[2022-04-13 22:32:57] [info] Start Program:
Path:"C:\Users\Denis\Documents\GitHub\UBB\Year 1\Semester 2\OOP\Lab6-7\LAB67\x64\Debug\LAB67.exe"
Arguments:
Working directory: "C:\Users\Denis\Documents\GitHub\UBB\Year 1\Semester 2\OOP\Lab6-7\LAB67\LAB67\"
Modules: Selected: C:\Users\Denis\Desktop\LAB67\x64\Debug\LAB67.exe Excluded: 
Sources: Selected: C:\Users\Denis\Desktop\LAB67\LAB67 Excluded: UI Tests 
Log Level: Normal
Cover Children: 0
Aggregate by file: 1
Continue after C++ exception: 0
Optimized build support: 0
Export: Binary C:\Users\Denis\AppData\Local\Temp\n5cbcrsp.uq1 
Input coverage: 
Unified diff: 
Excluded line regular expressions: 
Substitute pdb source paths: 

[2022-04-13 22:33:04] [info] ----------------------------------------------------
[2022-04-13 22:33:04] [info] Coverage binary generated in file: C:\Users\Denis\AppData\Local\Temp\n5cbcrsp.uq1
[2022-04-13 22:33:04] [info] ----------------------------------------------------
[2022-04-13 22:33:04] [warning] No modules were selected. Please check the values of --modules and --excluded_modules.
You can try to remove all --modules and --excluded_modules and use --modules=C:\Users\Denis\Documents\GitHub\UBB\Year 1\Semester 2\OOP\Lab6-7\LAB67\x64\Debug instead.
