09 Apr 2023 19:54:12,940 ERROR airline.client.controllers.LoginController 78 onLoginButtonClicked - java.lang.Exception: Cannot invoke "Object.hashCode()" because "key" is null
09 Apr 2023 20:27:21,401 ERROR airline.client.controllers.LoginController 78 onLoginButtonClicked - java.lang.Exception: Cannot invoke "Object.hashCode()" because "key" is null
09 Apr 2023 20:35:42,552 ERROR airline.client.controllers.LoginController 78 onLoginButtonClicked - java.lang.Exception: Cannot invoke "Object.hashCode()" because "key" is null
09 Apr 2023 20:52:38,649 ERROR airline.client.controllers.LoginController 78 onLoginButtonClicked - java.lang.Exception: Cannot invoke "Object.hashCode()" because "key" is null
09 Apr 2023 21:30:19,540 ERROR airline.client.controllers.LoginController 78 onLoginButtonClicked - java.lang.Exception: Cannot invoke "Object.hashCode()" because "key" is null
09 Apr 2023 21:40:54,593 ERROR airline.client.controllers.LoginController 71 onLoginButtonClicked - java.lang.Exception: Cannot invoke "Object.hashCode()" because "key" is null
09 Apr 2023 21:46:05,859 ERROR airline.client.controllers.LoginController 71 onLoginButtonClicked - java.lang.Exception: Authentication failed.
09 Apr 2023 21:46:54,069 ERROR airline.client.controllers.LoginController 71 onLoginButtonClicked - java.lang.Exception: Cannot invoke "Object.hashCode()" because "key" is null
09 Apr 2023 21:49:18,365 ERROR airline.client.controllers.LoginController 71 onLoginButtonClicked - java.lang.Exception: Cannot invoke "Object.hashCode()" because "key" is null
09 Apr 2023 21:52:56,759 ERROR airline.client.controllers.LoginController 71 onLoginButtonClicked - java.lang.Exception: Cannot invoke "Object.hashCode()" because "key" is null
09 Apr 2023 21:55:20,420 ERROR airline.client.controllers.LoginController 71 onLoginButtonClicked - java.lang.Exception: Cannot invoke "Object.hashCode()" because "key" is null
09 Apr 2023 21:55:49,423 ERROR airline.client.controllers.LoginController 71 onLoginButtonClicked - java.lang.NullPointerException: Cannot invoke "airline.client.controllers.MainController.setService(airline.services.IService, airline.model.Employee)" because "this.mainController" is null
09 Apr 2023 21:58:02,498 ERROR airline.client.controllers.LoginController 73 onLoginButtonClicked - java.lang.NullPointerException: Root cannot be null
09 Apr 2023 21:59:03,158 ERROR airline.client.controllers.LoginController 73 onLoginButtonClicked - java.lang.Exception: Employee already logged in.
09 Apr 2023 21:59:50,646 ERROR airline.client.controllers.LoginController 73 onLoginButtonClicked - java.lang.Exception: Employee already logged in.
09 Apr 2023 22:00:22,774 ERROR airline.client.controllers.LoginController 73 onLoginButtonClicked - java.lang.Exception: Employee already logged in.
09 Apr 2023 22:28:14,761 ERROR airline.client.controllers.MainController 204 onSearchButtonClicked - java.lang.NullPointerException: Cannot invoke "java.time.LocalDate.format(java.time.format.DateTimeFormatter)" because the return value of "javafx.scene.control.DatePicker.getValue()" is null
09 Apr 2023 22:28:15,818 ERROR airline.client.controllers.MainController 204 onSearchButtonClicked - java.lang.NullPointerException: Cannot invoke "java.time.LocalDate.format(java.time.format.DateTimeFormatter)" because the return value of "javafx.scene.control.DatePicker.getValue()" is null
09 Apr 2023 22:28:17,855 ERROR airline.client.controllers.MainController 204 onSearchButtonClicked - java.lang.NullPointerException: Cannot invoke "java.time.LocalDate.format(java.time.format.DateTimeFormatter)" because the return value of "javafx.scene.control.DatePicker.getValue()" is null
09 Apr 2023 22:28:19,892 ERROR airline.client.controllers.MainController 204 onSearchButtonClicked - java.lang.NullPointerException: Cannot invoke "java.time.LocalDate.format(java.time.format.DateTimeFormatter)" because the return value of "javafx.scene.control.DatePicker.getValue()" is null
09 Apr 2023 22:29:55,596 ERROR airline.client.controllers.LoginController 73 onLoginButtonClicked - java.lang.Exception: Employee already logged in.
09 Apr 2023 22:30:32,345 ERROR airline.client.controllers.LoginController 73 onLoginButtonClicked - java.lang.NullPointerException: Cannot invoke "airline.client.controllers.MainController.setService(airline.services.IService, airline.model.Employee)" because "this.mainController" is null
09 Apr 2023 22:30:52,502 ERROR airline.client.controllers.LoginController 73 onLoginButtonClicked - java.lang.Exception: Employee already logged in.
09 Apr 2023 22:40:16,922 ERROR airline.client.controllers.LoginController 76 onLoginButtonClicked - java.lang.IllegalArgumentException: AnchorPane@3f69c9f[styleClass=root]is already set as root of another scene
09 Apr 2023 22:40:34,069 ERROR airline.client.controllers.LoginController 76 onLoginButtonClicked - java.lang.Exception: Employee already logged in.
09 Apr 2023 22:42:19,171 ERROR airline.client.controllers.LoginController 76 onLoginButtonClicked - java.lang.IllegalArgumentException: AnchorPane@4093a9d3[styleClass=root]is already set as root of another scene
09 Apr 2023 22:45:42,579 ERROR airline.client.controllers.MainController 200 onSearchButtonClicked - java.lang.NullPointerException: Cannot invoke "java.time.LocalDate.format(java.time.format.DateTimeFormatter)" because the return value of "javafx.scene.control.DatePicker.getValue()" is null
09 Apr 2023 22:45:43,613 ERROR airline.client.controllers.MainController 200 onSearchButtonClicked - java.lang.NullPointerException: Cannot invoke "java.time.LocalDate.format(java.time.format.DateTimeFormatter)" because the return value of "javafx.scene.control.DatePicker.getValue()" is null
09 Apr 2023 22:45:45,642 ERROR airline.client.controllers.MainController 200 onSearchButtonClicked - java.lang.NullPointerException: Cannot invoke "java.time.LocalDate.format(java.time.format.DateTimeFormatter)" because the return value of "javafx.scene.control.DatePicker.getValue()" is null
09 Apr 2023 22:45:47,662 ERROR airline.client.controllers.MainController 200 onSearchButtonClicked - java.lang.NullPointerException: Cannot invoke "java.time.LocalDate.format(java.time.format.DateTimeFormatter)" because the return value of "javafx.scene.control.DatePicker.getValue()" is null
09 Apr 2023 22:55:52,607 ERROR airline.client.controllers.MainController 200 onSearchButtonClicked - java.lang.NullPointerException: Cannot invoke "java.time.LocalDate.format(java.time.format.DateTimeFormatter)" because the return value of "javafx.scene.control.DatePicker.getValue()" is null
09 Apr 2023 22:55:53,666 ERROR airline.client.controllers.MainController 200 onSearchButtonClicked - java.lang.NullPointerException: Cannot invoke "java.time.LocalDate.format(java.time.format.DateTimeFormatter)" because the return value of "javafx.scene.control.DatePicker.getValue()" is null
09 Apr 2023 22:55:55,716 ERROR airline.client.controllers.MainController 200 onSearchButtonClicked - java.lang.NullPointerException: Cannot invoke "java.time.LocalDate.format(java.time.format.DateTimeFormatter)" because the return value of "javafx.scene.control.DatePicker.getValue()" is null
09 Apr 2023 22:55:57,757 ERROR airline.client.controllers.MainController 200 onSearchButtonClicked - java.lang.NullPointerException: Cannot invoke "java.time.LocalDate.format(java.time.format.DateTimeFormatter)" because the return value of "javafx.scene.control.DatePicker.getValue()" is null
09 Apr 2023 23:06:39,990 ERROR airline.client.controllers.MainController 200 onSearchButtonClicked - java.lang.NullPointerException: Cannot invoke "java.time.LocalDate.format(java.time.format.DateTimeFormatter)" because the return value of "javafx.scene.control.DatePicker.getValue()" is null
09 Apr 2023 23:06:53,285 ERROR airline.client.controllers.MainController 200 onSearchButtonClicked - java.lang.NullPointerException: Cannot invoke "java.time.LocalDate.format(java.time.format.DateTimeFormatter)" because the return value of "javafx.scene.control.DatePicker.getValue()" is null
09 Apr 2023 23:07:04,693 ERROR airline.client.controllers.MainController 200 onSearchButtonClicked - java.lang.NullPointerException: Cannot invoke "java.time.LocalDate.format(java.time.format.DateTimeFormatter)" because the return value of "javafx.scene.control.DatePicker.getValue()" is null
09 Apr 2023 23:07:07,192 ERROR airline.client.controllers.MainController 200 onSearchButtonClicked - java.lang.NullPointerException: Cannot invoke "java.time.LocalDate.format(java.time.format.DateTimeFormatter)" because the return value of "javafx.scene.control.DatePicker.getValue()" is null
09 Apr 2023 23:09:11,641 ERROR airline.client.controllers.LoginController 78 onLoginButtonClicked - java.net.ConnectException: Connection refused: connect
09 Apr 2023 23:09:15,452 ERROR airline.client.controllers.LoginController 78 onLoginButtonClicked - java.net.ConnectException: Connection refused: connect
09 Apr 2023 23:09:31,916 ERROR airline.client.controllers.MainController 200 onSearchButtonClicked - java.lang.NullPointerException: Cannot invoke "java.time.LocalDate.format(java.time.format.DateTimeFormatter)" because the return value of "javafx.scene.control.DatePicker.getValue()" is null
09 Apr 2023 23:09:32,955 ERROR airline.client.controllers.MainController 200 onSearchButtonClicked - java.lang.NullPointerException: Cannot invoke "java.time.LocalDate.format(java.time.format.DateTimeFormatter)" because the return value of "javafx.scene.control.DatePicker.getValue()" is null
09 Apr 2023 23:09:34,972 ERROR airline.client.controllers.MainController 200 onSearchButtonClicked - java.lang.NullPointerException: Cannot invoke "java.time.LocalDate.format(java.time.format.DateTimeFormatter)" because the return value of "javafx.scene.control.DatePicker.getValue()" is null
09 Apr 2023 23:09:36,988 ERROR airline.client.controllers.MainController 200 onSearchButtonClicked - java.lang.NullPointerException: Cannot invoke "java.time.LocalDate.format(java.time.format.DateTimeFormatter)" because the return value of "javafx.scene.control.DatePicker.getValue()" is null
09 Apr 2023 23:19:02,241 ERROR airline.client.controllers.MainController 200 onSearchButtonClicked - java.lang.NullPointerException: Cannot invoke "java.time.LocalDate.format(java.time.format.DateTimeFormatter)" because the return value of "javafx.scene.control.DatePicker.getValue()" is null
09 Apr 2023 23:19:03,282 ERROR airline.client.controllers.MainController 200 onSearchButtonClicked - java.lang.NullPointerException: Cannot invoke "java.time.LocalDate.format(java.time.format.DateTimeFormatter)" because the return value of "javafx.scene.control.DatePicker.getValue()" is null
09 Apr 2023 23:19:05,316 ERROR airline.client.controllers.MainController 200 onSearchButtonClicked - java.lang.NullPointerException: Cannot invoke "java.time.LocalDate.format(java.time.format.DateTimeFormatter)" because the return value of "javafx.scene.control.DatePicker.getValue()" is null
09 Apr 2023 23:19:07,352 ERROR airline.client.controllers.MainController 200 onSearchButtonClicked - java.lang.NullPointerException: Cannot invoke "java.time.LocalDate.format(java.time.format.DateTimeFormatter)" because the return value of "javafx.scene.control.DatePicker.getValue()" is null
09 Apr 2023 23:24:52,960 ERROR airline.client.controllers.LoginController 78 onLoginButtonClicked - java.lang.Exception: Employee already logged in.
09 Apr 2023 23:25:03,994 ERROR airline.client.controllers.MainController 201 onSearchButtonClicked - java.lang.NullPointerException: Cannot invoke "java.time.LocalDate.format(java.time.format.DateTimeFormatter)" because the return value of "javafx.scene.control.DatePicker.getValue()" is null
09 Apr 2023 23:25:09,024 ERROR airline.client.controllers.MainController 201 onSearchButtonClicked - java.lang.NullPointerException: Cannot invoke "java.time.LocalDate.format(java.time.format.DateTimeFormatter)" because the return value of "javafx.scene.control.DatePicker.getValue()" is null
09 Apr 2023 23:25:29,274 ERROR airline.client.controllers.MainController 201 onSearchButtonClicked - java.lang.NullPointerException: Cannot invoke "java.time.LocalDate.format(java.time.format.DateTimeFormatter)" because the return value of "javafx.scene.control.DatePicker.getValue()" is null
09 Apr 2023 23:25:30,612 ERROR airline.client.controllers.MainController 201 onSearchButtonClicked - java.lang.NullPointerException: Cannot invoke "java.time.LocalDate.format(java.time.format.DateTimeFormatter)" because the return value of "javafx.scene.control.DatePicker.getValue()" is null
09 Apr 2023 23:27:33,090 ERROR airline.client.controllers.LoginController 78 onLoginButtonClicked - java.lang.Exception: Authentication failed.
09 Apr 2023 23:27:42,667 ERROR airline.client.controllers.LoginController 78 onLoginButtonClicked - java.lang.Exception: Employee already logged in.
09 Apr 2023 23:27:49,620 ERROR airline.client.controllers.MainController 202 onSearchButtonClicked - java.lang.NullPointerException: Cannot invoke "java.time.LocalDate.format(java.time.format.DateTimeFormatter)" because the return value of "javafx.scene.control.DatePicker.getValue()" is null
09 Apr 2023 23:27:55,547 ERROR airline.client.controllers.MainController 202 onSearchButtonClicked - java.lang.NullPointerException: Cannot invoke "java.time.LocalDate.format(java.time.format.DateTimeFormatter)" because the return value of "javafx.scene.control.DatePicker.getValue()" is null
09 Apr 2023 23:36:01,095 ERROR airline.client.controllers.LoginController 78 onLoginButtonClicked - java.lang.Exception: Employee already logged in.
09 Apr 2023 23:36:16,458 ERROR airline.client.controllers.MainController 202 onSearchButtonClicked - java.lang.NullPointerException: Cannot invoke "java.time.LocalDate.format(java.time.format.DateTimeFormatter)" because the return value of "javafx.scene.control.DatePicker.getValue()" is null
09 Apr 2023 23:37:36,392 ERROR airline.client.controllers.MainController 202 onSearchButtonClicked - java.lang.NullPointerException: Cannot invoke "java.time.LocalDate.format(java.time.format.DateTimeFormatter)" because the return value of "javafx.scene.control.DatePicker.getValue()" is null
11 Apr 2023 12:22:46,718 ERROR airline.client.controllers.LoginController 78 onLoginButtonClicked - java.lang.Exception: Employee already logged in.
11 Apr 2023 12:22:58,989 ERROR airline.client.controllers.MainController 202 onSearchButtonClicked - java.lang.NullPointerException: Cannot invoke "java.time.LocalDate.format(java.time.format.DateTimeFormatter)" because the return value of "javafx.scene.control.DatePicker.getValue()" is null
11 Apr 2023 12:23:09,346 ERROR airline.client.controllers.MainController 202 onSearchButtonClicked - java.lang.NullPointerException: Cannot invoke "java.time.LocalDate.format(java.time.format.DateTimeFormatter)" because the return value of "javafx.scene.control.DatePicker.getValue()" is null
11 Apr 2023 12:23:15,226 ERROR airline.client.controllers.MainController 202 onSearchButtonClicked - java.lang.NullPointerException: Cannot invoke "java.time.LocalDate.format(java.time.format.DateTimeFormatter)" because the return value of "javafx.scene.control.DatePicker.getValue()" is null
07 May 2023 01:11:04,165 ERROR airline.client.controllers.LoginController 78 onLoginButtonClicked - java.lang.Exception: Cannot invoke "org.hibernate.SessionFactory.openSession()" because "airline.persistence.EmployeeORMRepository.sessionFactory" is null
07 May 2023 01:12:05,583 ERROR airline.client.controllers.LoginController 78 onLoginButtonClicked - java.lang.Exception: Cannot invoke "org.hibernate.SessionFactory.openSession()" because "airline.persistence.EmployeeORMRepository.sessionFactory" is null
07 May 2023 01:18:40,554 ERROR airline.client.controllers.LoginController 78 onLoginButtonClicked - java.lang.Exception: Authentication failed.
07 May 2023 01:19:51,387 ERROR airline.client.controllers.LoginController 78 onLoginButtonClicked - java.net.ConnectException: Connection refused: connect
07 May 2023 02:09:07,049 ERROR airline.client.controllers.MainController 202 onSearchButtonClicked - java.lang.NullPointerException: Cannot invoke "java.time.LocalDate.format(java.time.format.DateTimeFormatter)" because the return value of "javafx.scene.control.DatePicker.getValue()" is null
