[2022-03-22 00:43:30] [info] Start Program:
Path:"C:\Users\Denis\Documents\GitHub\UBB\Year 1\Semester 2\OOP\Lab5\Spending\x64\Debug\Spending.exe"
Arguments:
Working directory: "C:\Users\Denis\Documents\GitHub\UBB\Year 1\Semester 2\OOP\Lab5\Spending\Spending\"
Modules: Selected: C:\Users\Denis\Documents\GitHub\UBB\Year 1\Semester 2\OOP\Lab5\Spending\x64\Debug\Spending.exe Excluded: 
Sources: Selected: C:\Users\Denis\Documents\GitHub\UBB\Year 1\Semester 2\OOP\Lab5\Spending\Spending Excluded: ui 
Log Level: Normal
Cover Children: 0
Aggregate by file: 1
Continue after C++ exception: 0
Optimized build support: 0
Export: Binary C:\Users\Denis\AppData\Local\Temp\iw42kqs5.cra 
Input coverage: 
Unified diff: 
Excluded line regular expressions: 
Substitute pdb source paths: 

[2022-03-22 00:43:30] [info] Module: C:\Users\Denis\Documents\GitHub\UBB\Year 1\Semester 2\OOP\Lab5\Spending\x64\Debug\Spending.exe is selected because it matches selected pattern: C:\Users\Denis\Documents\GitHub\UBB\Year 1\Semester 2\OOP\Lab5\Spending\x64\Debug\Spending.exe
[2022-03-22 00:43:33] [info] ----------------------------------------------------
[2022-03-22 00:43:33] [info] Coverage binary generated in file: C:\Users\Denis\AppData\Local\Temp\iw42kqs5.cra
[2022-03-22 00:43:33] [info] ----------------------------------------------------
