[2022-03-06 20:22:31] [info] Start Program:
Path:"C:\Users\Denis\Desktop\Uni\OOP\LAB24\x64\Debug\LAB24.exe"
Arguments:
Working directory: "C:\Users\Denis\Desktop\Uni\OOP\LAB24\LAB24\"
Modules: Selected: C:\Users\Denis\Desktop\Uni\OOP\LAB24\x64\Debug\LAB24.exe Excluded: 
Sources: Selected: C:\Users\Denis\Desktop\Uni\OOP\LAB24\LAB24 Excluded: 
Log Level: Normal
Cover Children: 0
Aggregate by file: 1
Continue after C++ exception: 0
Optimized build support: 0
Export: Binary C:\Users\Denis\AppData\Local\Temp\cva2dmpe.h5p 
Input coverage: 
Unified diff: 
Excluded line regular expressions: 
Substitute pdb source paths: 

[2022-03-06 20:22:31] [info] Module: C:\Users\Denis\Desktop\Uni\OOP\LAB24\x64\Debug\LAB24.exe is selected because it matches selected pattern: C:\Users\Denis\Desktop\Uni\OOP\LAB24\x64\Debug\LAB24.exe
[2022-03-06 20:53:26] [info] ----------------------------------------------------
[2022-03-06 20:53:26] [info] Coverage binary generated in file: C:\Users\Denis\AppData\Local\Temp\cva2dmpe.h5p
[2022-03-06 20:53:26] [info] ----------------------------------------------------
[2022-03-06 20:53:26] [error] Your program stop with error code: 1
